{"E:\\workspace\\vue-project\\src\\App.vue": {"path":"E:\\workspace\\vue-project\\src\\App.vue","statementMap":{"0":{"start":{"line":13,"column":0},"end":{"line":null,"column":-1}},"1":{"start":{"line":14,"column":0},"end":{"line":null,"column":-1}}},"fnMap":{},"branchMap":{},"s":{"0":0,"1":0},"f":{},"b":{}}
,"E:\\workspace\\vue-project\\src\\components\\Contact.vue": {"path":"E:\\workspace\\vue-project\\src\\components\\Contact.vue","statementMap":{"0":{"start":{"line":13,"column":0},"end":{"line":null,"column":-1}}},"fnMap":{"0":{"name":"data","decl":{"start":{"line":12,"column":0},"end":{"line":null,"column":-1}},"loc":{"start":{"line":12,"column":0},"end":{"line":17,"column":0}}}},"branchMap":{},"s":{"0":0},"f":{"0":0},"b":{}}
,"E:\\workspace\\vue-project\\src\\components\\HelloWorld.vue": {"path":"E:\\workspace\\vue-project\\src\\components\\HelloWorld.vue","statementMap":{"0":{"start":{"line":90,"column":0},"end":{"line":null,"column":-1}}},"fnMap":{"0":{"name":"data","decl":{"start":{"line":89,"column":0},"end":{"line":null,"column":-1}},"loc":{"start":{"line":89,"column":0},"end":{"line":93,"column":0}}}},"branchMap":{},"s":{"0":0},"f":{"0":0},"b":{}}
,"E:\\workspace\\vue-project\\src\\components\\Home.vue": {"path":"E:\\workspace\\vue-project\\src\\components\\Home.vue","statementMap":{"0":{"start":{"line":20,"column":0},"end":{"line":null,"column":-1}},"1":{"start":{"line":21,"column":0},"end":{"line":null,"column":-1}},"2":{"start":{"line":22,"column":0},"end":{"line":null,"column":-1}},"3":{"start":{"line":23,"column":0},"end":{"line":null,"column":-1}},"4":{"start":{"line":24,"column":0},"end":{"line":null,"column":-1}},"5":{"start":{"line":25,"column":0},"end":{"line":null,"column":-1}},"6":{"start":{"line":30,"column":0},"end":{"line":null,"column":-1}}},"fnMap":{"0":{"name":"data","decl":{"start":{"line":29,"column":0},"end":{"line":null,"column":-1}},"loc":{"start":{"line":29,"column":0},"end":{"line":37,"column":0}}}},"branchMap":{},"s":{"0":0,"1":0,"2":0,"3":0,"4":0,"5":0,"6":0},"f":{"0":0},"b":{}}
,"E:\\workspace\\vue-project\\src\\components\\Output.vue": {"path":"E:\\workspace\\vue-project\\src\\components\\Output.vue","statementMap":{"0":{"start":{"line":14,"column":0},"end":{"line":null,"column":-1}}},"fnMap":{"0":{"name":"data","decl":{"start":{"line":13,"column":0},"end":{"line":null,"column":-1}},"loc":{"start":{"line":13,"column":0},"end":{"line":18,"column":0}}}},"branchMap":{},"s":{"0":0},"f":{"0":0},"b":{}}
,"E:\\workspace\\vue-project\\src\\components\\Profile.vue": {"path":"E:\\workspace\\vue-project\\src\\components\\Profile.vue","statementMap":{"0":{"start":{"line":29,"column":0},"end":{"line":null,"column":-1}}},"fnMap":{"0":{"name":"data","decl":{"start":{"line":28,"column":0},"end":{"line":null,"column":-1}},"loc":{"start":{"line":28,"column":0},"end":{"line":74,"column":0}}}},"branchMap":{},"s":{"0":0},"f":{"0":0},"b":{}}
,"E:\\workspace\\vue-project\\src\\components\\Skill.vue": {"path":"E:\\workspace\\vue-project\\src\\components\\Skill.vue","statementMap":{"0":{"start":{"line":38,"column":0},"end":{"line":null,"column":-1}},"1":{"start":{"line":39,"column":0},"end":{"line":null,"column":-1}},"2":{"start":{"line":40,"column":0},"end":{"line":null,"column":-1}},"3":{"start":{"line":41,"column":0},"end":{"line":null,"column":-1}},"4":{"start":{"line":42,"column":0},"end":{"line":null,"column":-1}},"5":{"start":{"line":43,"column":0},"end":{"line":null,"column":-1}},"6":{"start":{"line":44,"column":0},"end":{"line":null,"column":-1}},"7":{"start":{"line":45,"column":0},"end":{"line":null,"column":-1}},"8":{"start":{"line":46,"column":0},"end":{"line":null,"column":-1}},"9":{"start":{"line":47,"column":0},"end":{"line":null,"column":-1}},"10":{"start":{"line":48,"column":0},"end":{"line":null,"column":-1}},"11":{"start":{"line":49,"column":0},"end":{"line":null,"column":-1}},"12":{"start":{"line":50,"column":0},"end":{"line":null,"column":-1}},"13":{"start":{"line":51,"column":0},"end":{"line":null,"column":-1}},"14":{"start":{"line":52,"column":0},"end":{"line":null,"column":-1}},"15":{"start":{"line":53,"column":0},"end":{"line":null,"column":-1}},"16":{"start":{"line":54,"column":0},"end":{"line":null,"column":-1}},"17":{"start":{"line":55,"column":0},"end":{"line":null,"column":-1}},"18":{"start":{"line":56,"column":0},"end":{"line":null,"column":-1}},"19":{"start":{"line":57,"column":0},"end":{"line":null,"column":-1}},"20":{"start":{"line":58,"column":0},"end":{"line":null,"column":-1}},"21":{"start":{"line":59,"column":0},"end":{"line":null,"column":-1}},"22":{"start":{"line":60,"column":0},"end":{"line":null,"column":-1}},"23":{"start":{"line":61,"column":0},"end":{"line":null,"column":-1}},"24":{"start":{"line":66,"column":0},"end":{"line":null,"column":-1}}},"fnMap":{"0":{"name":"data","decl":{"start":{"line":65,"column":0},"end":{"line":null,"column":-1}},"loc":{"start":{"line":65,"column":0},"end":{"line":71,"column":0}}}},"branchMap":{},"s":{"0":0,"1":0,"2":0,"3":0,"4":0,"5":0,"6":0,"7":0,"8":0,"9":0,"10":0,"11":0,"12":0,"13":0,"14":0,"15":0,"16":0,"17":0,"18":0,"19":0,"20":0,"21":0,"22":0,"23":0,"24":0},"f":{"0":0},"b":{}}
,"E:\\workspace\\vue-project\\src\\components\\VueLesson.vue": {"path":"E:\\workspace\\vue-project\\src\\components\\VueLesson.vue","statementMap":{"0":{"start":{"line":12,"column":0},"end":{"line":null,"column":-1}}},"fnMap":{"0":{"name":"data","decl":{"start":{"line":11,"column":0},"end":{"line":null,"column":-1}},"loc":{"start":{"line":11,"column":0},"end":{"line":16,"column":0}}}},"branchMap":{},"s":{"0":0},"f":{"0":0},"b":{}}
,"E:\\workspace\\vue-project\\src\\components\\parts\\FooterMenu.vue": {"path":"E:\\workspace\\vue-project\\src\\components\\parts\\FooterMenu.vue","statementMap":{"0":{"start":{"line":11,"column":0},"end":{"line":null,"column":-1}}},"fnMap":{"0":{"name":"data","decl":{"start":{"line":10,"column":0},"end":{"line":null,"column":-1}},"loc":{"start":{"line":10,"column":0},"end":{"line":14,"column":0}}}},"branchMap":{},"s":{"0":0},"f":{"0":0},"b":{}}
,"E:\\workspace\\vue-project\\src\\components\\parts\\NavMenu.vue": {"path":"E:\\workspace\\vue-project\\src\\components\\parts\\NavMenu.vue","statementMap":{"0":{"start":{"line":43,"column":0},"end":{"line":null,"column":-1}},"1":{"start":{"line":59,"column":0},"end":{"line":64,"column":0}},"2":{"start":{"line":60,"column":0},"end":{"line":null,"column":-1}},"3":{"start":{"line":62,"column":0},"end":{"line":null,"column":-1}},"4":{"start":{"line":63,"column":0},"end":{"line":null,"column":-1}},"5":{"start":{"line":68,"column":0},"end":{"line":null,"column":-1}},"6":{"start":{"line":69,"column":0},"end":{"line":71,"column":0}},"7":{"start":{"line":70,"column":0},"end":{"line":null,"column":-1}}},"fnMap":{"0":{"name":"data","decl":{"start":{"line":42,"column":0},"end":{"line":null,"column":-1}},"loc":{"start":{"line":42,"column":0},"end":{"line":56,"column":0}}},"1":{"name":"onActive","decl":{"start":{"line":58,"column":0},"end":{"line":null,"column":-1}},"loc":{"start":{"line":58,"column":0},"end":{"line":65,"column":0}}},"2":{"name":"ready","decl":{"start":{"line":67,"column":0},"end":{"line":null,"column":-1}},"loc":{"start":{"line":67,"column":0},"end":{"line":72,"column":0}}},"3":{"name":"(anonymous_4)","decl":{"start":{"line":69,"column":0},"end":{"line":null,"column":-1}},"loc":{"start":{"line":69,"column":0},"end":{"line":71,"column":0}}}},"branchMap":{"0":{"loc":{"start":{"line":59,"column":0},"end":{"line":64,"column":0}},"type":"if","locations":[{"start":{"line":59,"column":0},"end":{"line":64,"column":0}},{"start":{"line":59,"column":0},"end":{"line":64,"column":0}}]},"1":{"loc":{"start":{"line":70,"column":0},"end":{"line":null,"column":-1}},"type":"binary-expr","locations":[{"start":{"line":70,"column":0},"end":{"line":null,"column":-1}},{"start":{"line":70,"column":0},"end":{"line":null,"column":-1}}]}},"s":{"0":0,"1":0,"2":0,"3":0,"4":0,"5":0,"6":0,"7":0},"f":{"0":0,"1":0,"2":0,"3":0},"b":{"0":[0,0],"1":[0,0]}}
}
