{"E:\\workspace\\vue-project\\src\\App.vue": {"path":"E:\\workspace\\vue-project\\src\\App.vue","statementMap":{"0":{"start":{"line":13,"column":0},"end":{"line":null,"column":-1}},"1":{"start":{"line":14,"column":0},"end":{"line":null,"column":-1}}},"fnMap":{},"branchMap":{},"s":{"0":0,"1":0},"f":{},"b":{}}
,"E:\\workspace\\vue-project\\src\\components\\Contact.vue": {"path":"E:\\workspace\\vue-project\\src\\components\\Contact.vue","statementMap":{"0":{"start":{"line":13,"column":0},"end":{"line":null,"column":-1}}},"fnMap":{"0":{"name":"data","decl":{"start":{"line":12,"column":0},"end":{"line":null,"column":-1}},"loc":{"start":{"line":12,"column":0},"end":{"line":17,"column":0}}}},"branchMap":{},"s":{"0":0},"f":{"0":0},"b":{}}
,"E:\\workspace\\vue-project\\src\\components\\HelloWorld.vue": {"path":"E:\\workspace\\vue-project\\src\\components\\HelloWorld.vue","statementMap":{"0":{"start":{"line":90,"column":0},"end":{"line":null,"column":-1}}},"fnMap":{"0":{"name":"data","decl":{"start":{"line":89,"column":0},"end":{"line":null,"column":-1}},"loc":{"start":{"line":89,"column":0},"end":{"line":93,"column":0}}}},"branchMap":{},"s":{"0":0},"f":{"0":0},"b":{}}
,"E:\\workspace\\vue-project\\src\\components\\Home.vue": {"path":"E:\\workspace\\vue-project\\src\\components\\Home.vue","statementMap":{"0":{"start":{"line":20,"column":0},"end":{"line":null,"column":-1}},"1":{"start":{"line":21,"column":0},"end":{"line":null,"column":-1}},"2":{"start":{"line":22,"column":0},"end":{"line":null,"column":-1}},"3":{"start":{"line":23,"column":0},"end":{"line":null,"column":-1}},"4":{"start":{"line":28,"column":0},"end":{"line":null,"column":-1}}},"fnMap":{"0":{"name":"data","decl":{"start":{"line":27,"column":0},"end":{"line":null,"column":-1}},"loc":{"start":{"line":27,"column":0},"end":{"line":35,"column":0}}}},"branchMap":{},"s":{"0":0,"1":0,"2":0,"3":0,"4":0},"f":{"0":0},"b":{}}
,"E:\\workspace\\vue-project\\src\\components\\Output.vue": {"path":"E:\\workspace\\vue-project\\src\\components\\Output.vue","statementMap":{"0":{"start":{"line":14,"column":0},"end":{"line":null,"column":-1}}},"fnMap":{"0":{"name":"data","decl":{"start":{"line":13,"column":0},"end":{"line":null,"column":-1}},"loc":{"start":{"line":13,"column":0},"end":{"line":18,"column":0}}}},"branchMap":{},"s":{"0":0},"f":{"0":0},"b":{}}
,"E:\\workspace\\vue-project\\src\\components\\Profile.vue": {"path":"E:\\workspace\\vue-project\\src\\components\\Profile.vue","statementMap":{"0":{"start":{"line":16,"column":0},"end":{"line":null,"column":-1}}},"fnMap":{"0":{"name":"data","decl":{"start":{"line":15,"column":0},"end":{"line":null,"column":-1}},"loc":{"start":{"line":15,"column":0},"end":{"line":26,"column":0}}}},"branchMap":{},"s":{"0":0},"f":{"0":0},"b":{}}
,"E:\\workspace\\vue-project\\src\\components\\Skill.vue": {"path":"E:\\workspace\\vue-project\\src\\components\\Skill.vue","statementMap":{"0":{"start":{"line":13,"column":0},"end":{"line":null,"column":-1}}},"fnMap":{"0":{"name":"data","decl":{"start":{"line":12,"column":0},"end":{"line":null,"column":-1}},"loc":{"start":{"line":12,"column":0},"end":{"line":17,"column":0}}}},"branchMap":{},"s":{"0":0},"f":{"0":0},"b":{}}
,"E:\\workspace\\vue-project\\src\\components\\VueLesson.vue": {"path":"E:\\workspace\\vue-project\\src\\components\\VueLesson.vue","statementMap":{"0":{"start":{"line":12,"column":0},"end":{"line":null,"column":-1}}},"fnMap":{"0":{"name":"data","decl":{"start":{"line":11,"column":0},"end":{"line":null,"column":-1}},"loc":{"start":{"line":11,"column":0},"end":{"line":16,"column":0}}}},"branchMap":{},"s":{"0":0},"f":{"0":0},"b":{}}
,"E:\\workspace\\vue-project\\src\\components\\parts\\FooterMenu.vue": {"path":"E:\\workspace\\vue-project\\src\\components\\parts\\FooterMenu.vue","statementMap":{"0":{"start":{"line":11,"column":0},"end":{"line":null,"column":-1}}},"fnMap":{"0":{"name":"data","decl":{"start":{"line":10,"column":0},"end":{"line":null,"column":-1}},"loc":{"start":{"line":10,"column":0},"end":{"line":14,"column":0}}}},"branchMap":{},"s":{"0":0},"f":{"0":0},"b":{}}
,"E:\\workspace\\vue-project\\src\\components\\parts\\NavMenu.vue": {"path":"E:\\workspace\\vue-project\\src\\components\\parts\\NavMenu.vue","statementMap":{"0":{"start":{"line":41,"column":0},"end":{"line":null,"column":-1}},"1":{"start":{"line":56,"column":0},"end":{"line":61,"column":0}},"2":{"start":{"line":57,"column":0},"end":{"line":null,"column":-1}},"3":{"start":{"line":59,"column":0},"end":{"line":null,"column":-1}},"4":{"start":{"line":60,"column":0},"end":{"line":null,"column":-1}}},"fnMap":{"0":{"name":"data","decl":{"start":{"line":40,"column":0},"end":{"line":null,"column":-1}},"loc":{"start":{"line":40,"column":0},"end":{"line":53,"column":0}}},"1":{"name":"onActive","decl":{"start":{"line":55,"column":0},"end":{"line":null,"column":-1}},"loc":{"start":{"line":55,"column":0},"end":{"line":62,"column":0}}}},"branchMap":{"0":{"loc":{"start":{"line":56,"column":0},"end":{"line":61,"column":0}},"type":"if","locations":[{"start":{"line":56,"column":0},"end":{"line":61,"column":0}},{"start":{"line":56,"column":0},"end":{"line":61,"column":0}}]}},"s":{"0":0,"1":0,"2":0,"3":0,"4":0},"f":{"0":0,"1":0},"b":{"0":[0,0]}}
}
