TN:
SF:E:\workspace\vue-project\src\App.vue
FNF:0
FNH:0
DA:13,0
DA:14,0
LF:2
LH:0
BRF:0
BRH:0
end_of_record
TN:
SF:E:\workspace\vue-project\src\components\Contact.vue
FN:12,data
FNF:1
FNH:0
FNDA:0,data
DA:13,0
LF:1
LH:0
BRF:0
BRH:0
end_of_record
TN:
SF:E:\workspace\vue-project\src\components\HelloWorld.vue
FN:89,data
FNF:1
FNH:0
FNDA:0,data
DA:90,0
LF:1
LH:0
BRF:0
BRH:0
end_of_record
TN:
SF:E:\workspace\vue-project\src\components\Home.vue
FN:27,data
FNF:1
FNH:0
FNDA:0,data
DA:20,0
DA:21,0
DA:22,0
DA:23,0
DA:28,0
LF:5
LH:0
BRF:0
BRH:0
end_of_record
TN:
SF:E:\workspace\vue-project\src\components\Output.vue
FN:13,data
FNF:1
FNH:0
FNDA:0,data
DA:14,0
LF:1
LH:0
BRF:0
BRH:0
end_of_record
TN:
SF:E:\workspace\vue-project\src\components\Profile.vue
FN:15,data
FNF:1
FNH:0
FNDA:0,data
DA:16,0
LF:1
LH:0
BRF:0
BRH:0
end_of_record
TN:
SF:E:\workspace\vue-project\src\components\Skill.vue
FN:12,data
FNF:1
FNH:0
FNDA:0,data
DA:13,0
LF:1
LH:0
BRF:0
BRH:0
end_of_record
TN:
SF:E:\workspace\vue-project\src\components\VueLesson.vue
FN:11,data
FNF:1
FNH:0
FNDA:0,data
DA:12,0
LF:1
LH:0
BRF:0
BRH:0
end_of_record
TN:
SF:E:\workspace\vue-project\src\components\parts\FooterMenu.vue
FN:10,data
FNF:1
FNH:0
FNDA:0,data
DA:11,0
LF:1
LH:0
BRF:0
BRH:0
end_of_record
TN:
SF:E:\workspace\vue-project\src\components\parts\NavMenu.vue
FN:40,data
FN:55,onActive
FNF:2
FNH:0
FNDA:0,data
FNDA:0,onActive
DA:41,0
DA:56,0
DA:57,0
DA:59,0
DA:60,0
LF:5
LH:0
BRDA:56,0,0,0
BRDA:56,0,1,0
BRF:2
BRH:0
end_of_record
