TN:
SF:E:\workspace\vue-project\src\App.vue
FNF:0
FNH:0
DA:13,0
DA:14,0
LF:2
LH:0
BRF:0
BRH:0
end_of_record
TN:
SF:E:\workspace\vue-project\src\components\Contact.vue
FN:12,data
FNF:1
FNH:0
FNDA:0,data
DA:13,0
LF:1
LH:0
BRF:0
BRH:0
end_of_record
TN:
SF:E:\workspace\vue-project\src\components\HelloWorld.vue
FN:89,data
FNF:1
FNH:0
FNDA:0,data
DA:90,0
LF:1
LH:0
BRF:0
BRH:0
end_of_record
TN:
SF:E:\workspace\vue-project\src\components\Home.vue
FN:29,data
FNF:1
FNH:0
FNDA:0,data
DA:20,0
DA:21,0
DA:22,0
DA:23,0
DA:24,0
DA:25,0
DA:30,0
LF:7
LH:0
BRF:0
BRH:0
end_of_record
TN:
SF:E:\workspace\vue-project\src\components\Output.vue
FN:13,data
FNF:1
FNH:0
FNDA:0,data
DA:14,0
LF:1
LH:0
BRF:0
BRH:0
end_of_record
TN:
SF:E:\workspace\vue-project\src\components\Profile.vue
FN:28,data
FNF:1
FNH:0
FNDA:0,data
DA:29,0
LF:1
LH:0
BRF:0
BRH:0
end_of_record
TN:
SF:E:\workspace\vue-project\src\components\Skill.vue
FN:65,data
FNF:1
FNH:0
FNDA:0,data
DA:38,0
DA:39,0
DA:40,0
DA:41,0
DA:42,0
DA:43,0
DA:44,0
DA:45,0
DA:46,0
DA:47,0
DA:48,0
DA:49,0
DA:50,0
DA:51,0
DA:52,0
DA:53,0
DA:54,0
DA:55,0
DA:56,0
DA:57,0
DA:58,0
DA:59,0
DA:60,0
DA:61,0
DA:66,0
LF:25
LH:0
BRF:0
BRH:0
end_of_record
TN:
SF:E:\workspace\vue-project\src\components\VueLesson.vue
FN:11,data
FNF:1
FNH:0
FNDA:0,data
DA:12,0
LF:1
LH:0
BRF:0
BRH:0
end_of_record
TN:
SF:E:\workspace\vue-project\src\components\parts\FooterMenu.vue
FN:10,data
FNF:1
FNH:0
FNDA:0,data
DA:11,0
LF:1
LH:0
BRF:0
BRH:0
end_of_record
TN:
SF:E:\workspace\vue-project\src\components\parts\NavMenu.vue
FN:42,data
FN:58,onActive
FN:67,ready
FN:69,(anonymous_4)
FNF:4
FNH:0
FNDA:0,data
FNDA:0,onActive
FNDA:0,ready
FNDA:0,(anonymous_4)
DA:43,0
DA:59,0
DA:60,0
DA:62,0
DA:63,0
DA:68,0
DA:69,0
DA:70,0
LF:8
LH:0
BRDA:59,0,0,0
BRDA:59,0,1,0
BRDA:70,1,0,0
BRDA:70,1,1,0
BRF:4
BRH:0
end_of_record
